2024-12-05 11:19:09.897 11290 0:0:0:0:0:0:0:1 /user POST /user/18888888888/loginlike/0 200 79 
2024-12-05 13:49:09.240 794 0:0:0:0:0:0:0:1 /user POST /user/18888888888/loginlike/0 200 79 
2024-12-05 13:51:12.423 2024 0:0:0:0:0:0:0:1 /user POST /user/login/post 200 79 
2024-12-05 13:51:17.443 40 0:0:0:0:0:0:0:1 /user POST /user/login/post 200 79 
2024-12-05 13:51:19.166 25 0:0:0:0:0:0:0:1 /user POST /user/login/post 200 79 
2024-12-05 13:51:20.237 20 0:0:0:0:0:0:0:1 /user POST /user/login/post 200 79 
2024-12-05 13:51:21.067 21 0:0:0:0:0:0:0:1 /user POST /user/login/post 200 79 
2024-12-05 13:51:21.875 23 0:0:0:0:0:0:0:1 /user POST /user/login/post 200 79 
2024-12-05 13:51:41.920 23 0:0:0:0:0:0:0:1 /user POST /user/login/post 200 79 
2024-12-05 13:51:42.949 35 0:0:0:0:0:0:0:1 /user POST /user/login/post 200 79 
2024-12-05 13:51:43.620 31 0:0:0:0:0:0:0:1 /user POST /user/login/post 200 79 
2024-12-05 13:51:44.317 16 0:0:0:0:0:0:0:1 /user POST /user/login/post 200 79 
2024-12-05 13:51:44.898 18 0:0:0:0:0:0:0:1 /user POST /user/login/post 200 79 
2024-12-05 13:51:45.609 18 0:0:0:0:0:0:0:1 /user POST /user/login/post 200 79 
2024-12-05 13:52:38.173 778 0:0:0:0:0:0:0:1 /user POST /user/login/post 200 61 
2024-12-05 13:57:03.709 192298 0:0:0:0:0:0:0:1 /user POST /user/login/post 200 61 
2024-12-05 13:59:42.121 72978 0:0:0:0:0:0:0:1 /user POST /user/login/post 200 61 
2024-12-05 16:35:47.810 9355946 0:0:0:0:0:0:0:1 /user POST /user/login/post 200 61 
2024-12-05 18:02:36.634 6176 0:0:0:0:0:0:0:1 /user POST /user/18888888888/loginlike/0 200 79 
2024-12-05 18:02:39.017 41 0:0:0:0:0:0:0:1 /user POST /user/18888888888/loginlike/0 200 79 
2024-12-05 18:02:39.943 21 0:0:0:0:0:0:0:1 /user POST /user/18888888888/loginlike/0 200 79 
2024-12-05 18:02:40.747 16 0:0:0:0:0:0:0:1 /user POST /user/18888888888/loginlike/0 200 79 
2024-12-05 18:09:23.766 5773 0:0:0:0:0:0:0:1 /user GET /user/login 405 5364 
2024-12-05 18:09:32.841 432 0:0:0:0:0:0:0:1 /user POST /user/login 200 79 
2024-12-05 18:09:43.961 25 0:0:0:0:0:0:0:1 /user GET /user/login/limit 200 79 
2024-12-05 18:09:46.260 11 0:0:0:0:0:0:0:1 /user GET /user/login/limit 200 79 
2024-12-05 18:09:47.078 10 0:0:0:0:0:0:0:1 /user GET /user/login/limit 200 79 
2024-12-05 18:09:47.778 11 0:0:0:0:0:0:0:1 /user GET /user/login/limit 200 79 
2024-12-05 18:09:48.323 14 0:0:0:0:0:0:0:1 /user GET /user/login/limit 200 79 
2024-12-05 18:09:49.144 10 0:0:0:0:0:0:0:1 /user GET /user/login/limit 200 79 
2024-12-05 18:09:49.925 12 0:0:0:0:0:0:0:1 /user GET /user/login/limit 200 79 
2024-12-05 18:09:50.714 11 0:0:0:0:0:0:0:1 /user GET /user/login/limit 200 79 
2024-12-05 18:09:55.705 17 0:0:0:0:0:0:0:1 /user GET /user/login/limit 200 79 
2024-12-05 18:09:58.142 14 0:0:0:0:0:0:0:1 /user GET /user/login/limit 200 79 
2024-12-05 18:11:40.068 75562 0:0:0:0:0:0:0:1 /user GET /user/login/limit 200 79 
2024-12-05 18:11:52.683 11143 0:0:0:0:0:0:0:1 /user GET /user/login/limit 200 79 
2024-12-05 18:12:03.558 9122 0:0:0:0:0:0:0:1 /user GET /user/login/limit 200 79 
2024-12-05 18:12:16.431 9799 0:0:0:0:0:0:0:1 /user GET /user/login/limit 200 79 
2024-12-05 18:12:18.745 19 0:0:0:0:0:0:0:1 /user GET /user/login/limit 200 79 
2024-12-05 18:12:23.582 14 0:0:0:0:0:0:0:1 /user GET /user/login/limit 200 79 
2024-12-05 18:13:10.394 16 0:0:0:0:0:0:0:1 /user GET /user/login/limit 200 79 
2024-12-05 18:15:01.686 2114 0:0:0:0:0:0:0:1 /user GET /user/login/limit 200 79 
2024-12-05 18:15:05.202 1622 0:0:0:0:0:0:0:1 /user GET /user/login/limit 200 79 
2024-12-05 18:15:12.057 3206 0:0:0:0:0:0:0:1 /user GET /user/login/limit 200 79 
2024-12-05 18:15:12.514 456 0:0:0:0:0:0:0:1 /user GET /user/login/limit 200 79 
2024-12-05 18:15:42.281 1965 0:0:0:0:0:0:0:1 /user GET /user/login/limit 200 79 
